Flutter crash report.
Please report a bug at https://github.com/flutter/flutter/issues.

## command

flutter run

## exception

RPCError: _flutter.renderFrameWithRasterStats: (-32601) Unknown method "_flutter.renderFrameWithRasterStats".

```
#0      new _OutstandingRequest (package:vm_service/src/vm_service.dart:1746:45)
#1      VmService._call (package:vm_service/src/vm_service.dart:2262:21)
#2      VmService.callServiceExtension (package:vm_service/src/vm_service.dart:2233:14)
#3      VmService.callMethod (package:vm_service/src/vm_service.dart:2215:12)
#4      FlutterVmService.callMethodWrapper (package:flutter_tools/src/vmservice.dart:463:28)
#5      FlutterVmService.renderFrameWithRasterStats (package:flutter_tools/src/vmservice.dart:562:49)
#6      ResidentHandlers.debugFrameJankMetrics (package:flutter_tools/src/resident_runner.dart:691:35)
<asynchronous suspension>
#7      TerminalHandler.processTerminalInput (package:flutter_tools/src/resident_runner.dart:1739:7)
<asynchronous suspension>
```

## flutter doctor

```
[✓] Flutter (Channel stable, 3.3.7, on Microsoft Windows [Version 10.0.19045.2364], locale en-US)
    • Flutter version 3.3.7 on channel stable at C:\flutter
    • Upstream repository https://github.com/flutter/flutter.git
    • Framework revision e99c9c7cd9 (9 weeks ago), 2022-11-01 16:59:00 -0700
    • Engine revision 857bd6b74c
    • Dart version 2.18.4
    • DevTools version 2.15.0

[✓] Android toolchain - develop for Android devices (Android SDK version 33.0.1)
    • Android SDK at C:\Users\lenovo\AppData\Local\Android\sdk
    • Platform android-33, build-tools 33.0.1
    • Java binary at: C:\Program Files\Android\Android Studio\jre\bin\java
    • Java version OpenJDK Runtime Environment (build 11.0.13+0-b1751.21-8125866)
    • All Android licenses accepted.

[✓] Chrome - develop for the web
    • Chrome at C:\Program Files (x86)\Google\Chrome\Application\chrome.exe

[✗] Visual Studio - develop for Windows
    ✗ Visual Studio not installed; this is necessary for Windows development.
      Download at https://visualstudio.microsoft.com/downloads/.
      Please install the "Desktop development with C++" workload, including all of its default
      components

[✓] Android Studio (version 2021.3)
    • Android Studio at C:\Program Files\Android\Android Studio
    • Flutter plugin can be installed from:
      🔨 https://plugins.jetbrains.com/plugin/9212-flutter
    • Dart plugin can be installed from:
      🔨 https://plugins.jetbrains.com/plugin/6351-dart
    • Java version OpenJDK Runtime Environment (build 11.0.13+0-b1751.21-8125866)

[✓] VS Code (version 1.74.2)
    • VS Code at C:\Users\lenovo\AppData\Local\Programs\Microsoft VS Code
    • Flutter extension version 3.56.0

[✓] Connected device (3 available)
    • Windows (desktop) • windows • windows-x64    • Microsoft Windows [Version 10.0.19045.2364]
    • Chrome (web)      • chrome  • web-javascript • Google Chrome 108.0.5359.125
    • Edge (web)        • edge    • web-javascript • Microsoft Edge 108.0.1462.54

[✓] HTTP Host Availability
    • All required HTTP hosts are available

! Doctor found issues in 1 category.
```
